# JRE version: Java(TM) SE Runtime Environment (13.0+33) (build 13-ea+33)
# Java VM: Java HotSpot(TM) 64-Bit Server VM (13-ea+33, mixed mode, sharing, tiered, compressed oops, g1 gc, bsd-amd64)
Heap:
 garbage-first heap   total 285696K, used 183032K [0x0000000780000000, 0x0000000800000000)
  region size 1024K, 32 young (32768K), 2 survivors (2048K)
 Metaspace       used 12227K, capacity 12756K, committed 12928K, reserved 1060864K
  class space    used 1405K, capacity 1613K, committed 1664K, reserved 1048576K
GC Heap History (20 events):
Event: 3.997 GC heap before
{Heap before GC invocations=25 (full 0):
 garbage-first heap   total 61440K, used 24445K [0x0000000780000000, 0x0000000800000000)
  region size 1024K, 3 young (3072K), 1 survivors (1024K)
 Metaspace       used 11341K, capacity 11806K, committed 12032K, reserved 1060864K
  class space    used 1333K, capacity 1486K, committed 1536K, reserved 1048576K
}
Event: 3.998 GC heap after
{Heap after GC invocations=26 (full 0):
 garbage-first heap   total 73728K, used 21580K [0x0000000780000000, 0x0000000800000000)
  region size 1024K, 2 young (2048K), 2 survivors (2048K)
 Metaspace       used 11341K, capacity 11806K, committed 12032K, reserved 1060864K
  class space    used 1333K, capacity 1486K, committed 1536K, reserved 1048576K
}
Event: 4.152 GC heap before
{Heap before GC invocations=27 (full 0):
 garbage-first heap   total 73728K, used 35916K [0x0000000780000000, 0x0000000800000000)
  region size 1024K, 6 young (6144K), 2 survivors (2048K)
 Metaspace       used 11396K, capacity 11870K, committed 12288K, reserved 1060864K
  class space    used 1333K, capacity 1486K, committed 1536K, reserved 1048576K
}
Event: 4.154 GC heap after
{Heap after GC invocations=28 (full 0):
 garbage-first heap   total 73728K, used 31477K [0x0000000780000000, 0x0000000800000000)
  region size 1024K, 3 young (3072K), 3 survivors (3072K)
 Metaspace       used 11396K, capacity 11870K, committed 12288K, reserved 1060864K
  class space    used 1333K, capacity 1486K, committed 1536K, reserved 1048576K
}
Event: 4.540 GC heap before
{Heap before GC invocations=29 (full 0):
 garbage-first heap   total 90112K, used 86773K [0x0000000780000000, 0x0000000800000000)
  region size 1024K, 10 young (10240K), 3 survivors (3072K)
 Metaspace       used 11534K, capacity 12036K, committed 12288K, reserved 1060864K
  class space    used 1347K, capacity 1520K, committed 1536K, reserved 1048576K
}
Event: 4.543 GC heap after
{Heap after GC invocations=30 (full 0):
 garbage-first heap   total 97280K, used 72675K [0x0000000780000000, 0x0000000800000000)
  region size 1024K, 2 young (2048K), 2 survivors (2048K)
 Metaspace       used 11534K, capacity 12036K, committed 12288K, reserved 1060864K
  class space    used 1347K, capacity 1520K, committed 1536K, reserved 1048576K
}
Event: 4.678 GC heap before
{Heap before GC invocations=30 (full 0):
 garbage-first heap   total 97280K, used 90083K [0x0000000780000000, 0x0000000800000000)
  region size 1024K, 4 young (4096K), 2 survivors (2048K)
 Metaspace       used 11577K, capacity 12036K, committed 12288K, reserved 1060864K
  class space    used 1347K, capacity 1520K, committed 1536K, reserved 1048576K
}
Event: 4.679 GC heap after
{Heap after GC invocations=31 (full 0):
 garbage-first heap   total 97280K, used 49619K [0x0000000780000000, 0x0000000800000000)
  region size 1024K, 1 young (1024K), 1 survivors (1024K)
 Metaspace       used 11577K, capacity 12036K, committed 12288K, reserved 1060864K
  class space    used 1347K, capacity 1520K, committed 1536K, reserved 1048576K
}
Event: 4.688 GC heap before
{Heap before GC invocations=31 (full 0):
 garbage-first heap   total 97280K, used 49619K [0x0000000780000000, 0x0000000800000000)
  region size 1024K, 2 young (2048K), 1 survivors (1024K)
 Metaspace       used 11578K, capacity 12036K, committed 12288K, reserved 1060864K
  class space    used 1347K, capacity 1520K, committed 1536K, reserved 1048576K
}
Event: 4.689 GC heap after
{Heap after GC invocations=32 (full 0):
 garbage-first heap   total 97280K, used 33462K [0x0000000780000000, 0x0000000800000000)
  region size 1024K, 2 young (2048K), 2 survivors (2048K)
 Metaspace       used 11578K, capacity 12036K, committed 12288K, reserved 1060864K
  class space    used 1347K, capacity 1520K, committed 1536K, reserved 1048576K
}
Event: 5.431 GC heap before
{Heap before GC invocations=33 (full 0):
 garbage-first heap   total 134144K, used 130742K [0x0000000780000000, 0x0000000800000000)
  region size 1024K, 17 young (17408K), 2 survivors (2048K)
 Metaspace       used 11779K, capacity 12228K, committed 12544K, reserved 1060864K
  class space    used 1368K, capacity 1520K, committed 1536K, reserved 1048576K
}
Event: 5.435 GC heap after
{Heap after GC invocations=34 (full 0):
 garbage-first heap   total 145408K, used 125687K [0x0000000780000000, 0x0000000800000000)
  region size 1024K, 3 young (3072K), 3 survivors (3072K)
 Metaspace       used 11779K, capacity 12228K, committed 12544K, reserved 1060864K
  class space    used 1368K, capacity 1520K, committed 1536K, reserved 1048576K
}
Event: 5.705 GC heap before
{Heap before GC invocations=34 (full 0):
 garbage-first heap   total 169984K, used 161527K [0x0000000780000000, 0x0000000800000000)
  region size 1024K, 7 young (7168K), 3 survivors (3072K)
 Metaspace       used 11808K, capacity 12228K, committed 12544K, reserved 1060864K
  class space    used 1368K, capacity 1520K, committed 1536K, reserved 1048576K
}
Event: 5.710 GC heap after
{Heap after GC invocations=35 (full 0):
 garbage-first heap   total 205824K, used 71874K [0x0000000780000000, 0x0000000800000000)
  region size 1024K, 1 young (1024K), 1 survivors (1024K)
 Metaspace       used 11808K, capacity 12228K, committed 12544K, reserved 1060864K
  class space    used 1368K, capacity 1520K, committed 1536K, reserved 1048576K
}
Event: 5.883 GC heap before
{Heap before GC invocations=35 (full 0):
 garbage-first heap   total 205824K, used 97474K [0x0000000780000000, 0x0000000800000000)
  region size 1024K, 7 young (7168K), 1 survivors (1024K)
 Metaspace       used 11825K, capacity 12292K, committed 12544K, reserved 1060864K
  class space    used 1368K, capacity 1520K, committed 1536K, reserved 1048576K
}
Event: 5.885 GC heap after
{Heap after GC invocations=36 (full 0):
 garbage-first heap   total 205824K, used 90542K [0x0000000780000000, 0x0000000800000000)
  region size 1024K, 4 young (4096K), 4 survivors (4096K)
 Metaspace       used 11825K, capacity 12292K, committed 12544K, reserved 1060864K
  class space    used 1368K, capacity 1520K, committed 1536K, reserved 1048576K
}
Event: 7.208 GC heap before
{Heap before GC invocations=37 (full 0):
 garbage-first heap   total 254976K, used 251310K [0x0000000780000000, 0x0000000800000000)
  region size 1024K, 36 young (36864K), 4 survivors (4096K)
 Metaspace       used 11971K, capacity 12420K, committed 12800K, reserved 1060864K
  class space    used 1368K, capacity 1520K, committed 1536K, reserved 1048576K
}
Event: 7.212 GC heap after
{Heap after GC invocations=38 (full 0):
 garbage-first heap   total 267264K, used 207847K [0x0000000780000000, 0x0000000800000000)
  region size 1024K, 5 young (5120K), 5 survivors (5120K)
 Metaspace       used 11971K, capacity 12420K, committed 12800K, reserved 1060864K
  class space    used 1368K, capacity 1520K, committed 1536K, reserved 1048576K
}
Event: 7.676 GC heap before
{Heap before GC invocations=38 (full 0):
 garbage-first heap   total 283648K, used 272359K [0x0000000780000000, 0x0000000800000000)
  region size 1024K, 14 young (14336K), 5 survivors (5120K)
 Metaspace       used 12002K, capacity 12420K, committed 12800K, reserved 1060864K
  class space    used 1368K, capacity 1520K, committed 1536K, reserved 1048576K
}
Event: 7.682 GC heap after
{Heap after GC invocations=39 (full 0):
 garbage-first heap   total 285696K, used 83704K [0x0000000780000000, 0x0000000800000000)
  region size 1024K, 2 young (2048K), 2 survivors (2048K)
 Metaspace       used 12002K, capacity 12420K, committed 12800K, reserved 1060864K
  class space    used 1368K, capacity 1520K, committed 1536K, reserved 1048576K
}

