# JRE version: Java(TM) SE Runtime Environment (13.0+33) (build 13-ea+33)
# Java VM: Java HotSpot(TM) 64-Bit Server VM (13-ea+33, mixed mode, sharing, tiered, compressed oops, g1 gc, bsd-amd64)
Heap:
 garbage-first heap   total 150528K, used 143119K [0x0000000780000000, 0x0000000800000000)
  region size 1024K, 19 young (19456K), 2 survivors (2048K)
 Metaspace       used 12047K, capacity 12537K, committed 12928K, reserved 1060864K
  class space    used 1395K, capacity 1559K, committed 1664K, reserved 1048576K
GC Heap History (20 events):
Event: 3.171 GC heap before
{Heap before GC invocations=5 (full 0):
 garbage-first heap   total 75776K, used 34784K [0x0000000780000000, 0x0000000800000000)
  region size 1024K, 6 young (6144K), 1 survivors (1024K)
 Metaspace       used 11230K, capacity 11692K, committed 12032K, reserved 1060864K
  class space    used 1334K, capacity 1493K, committed 1536K, reserved 1048576K
}
Event: 3.173 GC heap after
{Heap after GC invocations=6 (full 0):
 garbage-first heap   total 75776K, used 27962K [0x0000000780000000, 0x0000000800000000)
  region size 1024K, 2 young (2048K), 2 survivors (2048K)
 Metaspace       used 11230K, capacity 11692K, committed 12032K, reserved 1060864K
  class space    used 1334K, capacity 1493K, committed 1536K, reserved 1048576K
}
Event: 3.205 GC heap before
{Heap before GC invocations=7 (full 0):
 garbage-first heap   total 75776K, used 33082K [0x0000000780000000, 0x0000000800000000)
  region size 1024K, 4 young (4096K), 2 survivors (2048K)
 Metaspace       used 11235K, capacity 11692K, committed 12032K, reserved 1060864K
  class space    used 1334K, capacity 1493K, committed 1536K, reserved 1048576K
}
Event: 3.206 GC heap after
{Heap after GC invocations=8 (full 0):
 garbage-first heap   total 75776K, used 15949K [0x0000000780000000, 0x0000000800000000)
  region size 1024K, 1 young (1024K), 1 survivors (1024K)
 Metaspace       used 11235K, capacity 11692K, committed 12032K, reserved 1060864K
  class space    used 1334K, capacity 1493K, committed 1536K, reserved 1048576K
}
Event: 3.336 GC heap before
{Heap before GC invocations=9 (full 0):
 garbage-first heap   total 75776K, used 34381K [0x0000000780000000, 0x0000000800000000)
  region size 1024K, 5 young (5120K), 1 survivors (1024K)
 Metaspace       used 11265K, capacity 11692K, committed 12032K, reserved 1060864K
  class space    used 1334K, capacity 1493K, committed 1536K, reserved 1048576K
}
Event: 3.337 GC heap after
{Heap after GC invocations=10 (full 0):
 garbage-first heap   total 75776K, used 30251K [0x0000000780000000, 0x0000000800000000)
  region size 1024K, 3 young (3072K), 3 survivors (3072K)
 Metaspace       used 11265K, capacity 11692K, committed 12032K, reserved 1060864K
  class space    used 1334K, capacity 1493K, committed 1536K, reserved 1048576K
}
Event: 3.370 GC heap before
{Heap before GC invocations=11 (full 0):
 garbage-first heap   total 75776K, used 34347K [0x0000000780000000, 0x0000000800000000)
  region size 1024K, 4 young (4096K), 3 survivors (3072K)
 Metaspace       used 11267K, capacity 11692K, committed 12032K, reserved 1060864K
  class space    used 1334K, capacity 1493K, committed 1536K, reserved 1048576K
}
Event: 3.371 GC heap after
{Heap after GC invocations=12 (full 0):
 garbage-first heap   total 75776K, used 18756K [0x0000000780000000, 0x0000000800000000)
  region size 1024K, 1 young (1024K), 1 survivors (1024K)
 Metaspace       used 11267K, capacity 11692K, committed 12032K, reserved 1060864K
  class space    used 1334K, capacity 1493K, committed 1536K, reserved 1048576K
}
Event: 3.468 GC heap before
{Heap before GC invocations=13 (full 0):
 garbage-first heap   total 75776K, used 32068K [0x0000000780000000, 0x0000000800000000)
  region size 1024K, 4 young (4096K), 1 survivors (1024K)
 Metaspace       used 11287K, capacity 11756K, committed 12032K, reserved 1060864K
  class space    used 1334K, capacity 1493K, committed 1536K, reserved 1048576K
}
Event: 3.469 GC heap after
{Heap after GC invocations=14 (full 0):
 garbage-first heap   total 75776K, used 28190K [0x0000000780000000, 0x0000000800000000)
  region size 1024K, 2 young (2048K), 2 survivors (2048K)
 Metaspace       used 11287K, capacity 11756K, committed 12032K, reserved 1060864K
  class space    used 1334K, capacity 1493K, committed 1536K, reserved 1048576K
}
Event: 3.538 GC heap before
{Heap before GC invocations=15 (full 0):
 garbage-first heap   total 75776K, used 32286K [0x0000000780000000, 0x0000000800000000)
  region size 1024K, 4 young (4096K), 2 survivors (2048K)
 Metaspace       used 11312K, capacity 11756K, committed 12032K, reserved 1060864K
  class space    used 1334K, capacity 1493K, committed 1536K, reserved 1048576K
}
Event: 3.539 GC heap after
{Heap after GC invocations=16 (full 0):
 garbage-first heap   total 75776K, used 21022K [0x0000000780000000, 0x0000000800000000)
  region size 1024K, 3 young (3072K), 3 survivors (3072K)
 Metaspace       used 11312K, capacity 11756K, committed 12032K, reserved 1060864K
  class space    used 1334K, capacity 1493K, committed 1536K, reserved 1048576K
}
Event: 3.726 GC heap before
{Heap before GC invocations=17 (full 0):
 garbage-first heap   total 75776K, used 35358K [0x0000000780000000, 0x0000000800000000)
  region size 1024K, 7 young (7168K), 3 survivors (3072K)
 Metaspace       used 11354K, capacity 11821K, committed 12032K, reserved 1060864K
  class space    used 1334K, capacity 1493K, committed 1536K, reserved 1048576K
}
Event: 3.727 GC heap after
{Heap after GC invocations=18 (full 0):
 garbage-first heap   total 75776K, used 31609K [0x0000000780000000, 0x0000000800000000)
  region size 1024K, 3 young (3072K), 3 survivors (3072K)
 Metaspace       used 11354K, capacity 11821K, committed 12032K, reserved 1060864K
  class space    used 1334K, capacity 1493K, committed 1536K, reserved 1048576K
}
Event: 4.222 GC heap before
{Heap before GC invocations=19 (full 0):
 garbage-first heap   total 92160K, used 88953K [0x0000000780000000, 0x0000000800000000)
  region size 1024K, 12 young (12288K), 3 survivors (3072K)
 Metaspace       used 11434K, capacity 11885K, committed 12032K, reserved 1060864K
  class space    used 1335K, capacity 1493K, committed 1536K, reserved 1048576K
}
Event: 4.227 GC heap after
{Heap after GC invocations=20 (full 0):
 garbage-first heap   total 101376K, used 74621K [0x0000000780000000, 0x0000000800000000)
  region size 1024K, 3 young (3072K), 3 survivors (3072K)
 Metaspace       used 11434K, capacity 11885K, committed 12032K, reserved 1060864K
  class space    used 1335K, capacity 1493K, committed 1536K, reserved 1048576K
}
Event: 4.286 GC heap before
{Heap before GC invocations=20 (full 0):
 garbage-first heap   total 101376K, used 82813K [0x0000000780000000, 0x0000000800000000)
  region size 1024K, 4 young (4096K), 3 survivors (3072K)
 Metaspace       used 11437K, capacity 11885K, committed 12032K, reserved 1060864K
  class space    used 1335K, capacity 1493K, committed 1536K, reserved 1048576K
}
Event: 4.287 GC heap after
{Heap after GC invocations=21 (full 0):
 garbage-first heap   total 101376K, used 34358K [0x0000000780000000, 0x0000000800000000)
  region size 1024K, 1 young (1024K), 1 survivors (1024K)
 Metaspace       used 11437K, capacity 11885K, committed 12032K, reserved 1060864K
  class space    used 1335K, capacity 1493K, committed 1536K, reserved 1048576K
}
Event: 4.370 GC heap before
{Heap before GC invocations=21 (full 0):
 garbage-first heap   total 101376K, used 42550K [0x0000000780000000, 0x0000000800000000)
  region size 1024K, 3 young (3072K), 1 survivors (1024K)
 Metaspace       used 11453K, capacity 11885K, committed 12032K, reserved 1060864K
  class space    used 1335K, capacity 1493K, committed 1536K, reserved 1048576K
}
Event: 4.371 GC heap after
{Heap after GC invocations=22 (full 0):
 garbage-first heap   total 101376K, used 35599K [0x0000000780000000, 0x0000000800000000)
  region size 1024K, 2 young (2048K), 2 survivors (2048K)
 Metaspace       used 11453K, capacity 11885K, committed 12032K, reserved 1060864K
  class space    used 1335K, capacity 1493K, committed 1536K, reserved 1048576K
}

