# JRE version: Java(TM) SE Runtime Environment (13.0+33) (build 13-ea+33)
# Java VM: Java HotSpot(TM) 64-Bit Server VM (13-ea+33, mixed mode, sharing, tiered, compressed oops, g1 gc, bsd-amd64)
Heap:
 garbage-first heap   total 208896K, used 101067K [0x0000000780000000, 0x0000000800000000)
  region size 1024K, 9 young (9216K), 2 survivors (2048K)
 Metaspace       used 11996K, capacity 12435K, committed 12800K, reserved 1060864K
  class space    used 1383K, capacity 1527K, committed 1536K, reserved 1048576K
GC Heap History (20 events):
Event: 3.957 GC heap before
{Heap before GC invocations=23 (full 0):
 garbage-first heap   total 65536K, used 29840K [0x0000000780000000, 0x0000000800000000)
  region size 1024K, 4 young (4096K), 2 survivors (2048K)
 Metaspace       used 11325K, capacity 11756K, committed 12032K, reserved 1060864K
  class space    used 1339K, capacity 1493K, committed 1536K, reserved 1048576K
}
Event: 3.958 GC heap after
{Heap after GC invocations=24 (full 0):
 garbage-first heap   total 65536K, used 22574K [0x0000000780000000, 0x0000000800000000)
  region size 1024K, 1 young (1024K), 1 survivors (1024K)
 Metaspace       used 11325K, capacity 11756K, committed 12032K, reserved 1060864K
  class space    used 1339K, capacity 1493K, committed 1536K, reserved 1048576K
}
Event: 4.400 GC heap before
{Heap before GC invocations=25 (full 0):
 garbage-first heap   total 81920K, used 78894K [0x0000000780000000, 0x0000000800000000)
  region size 1024K, 9 young (9216K), 1 survivors (1024K)
 Metaspace       used 11385K, capacity 11821K, committed 12032K, reserved 1060864K
  class space    used 1339K, capacity 1493K, committed 1536K, reserved 1048576K
}
Event: 4.404 GC heap after
{Heap after GC invocations=26 (full 0):
 garbage-first heap   total 107520K, used 73411K [0x0000000780000000, 0x0000000800000000)
  region size 1024K, 2 young (2048K), 2 survivors (2048K)
 Metaspace       used 11385K, capacity 11821K, committed 12032K, reserved 1060864K
  class space    used 1339K, capacity 1493K, committed 1536K, reserved 1048576K
}
Event: 4.592 GC heap before
{Heap before GC invocations=26 (full 0):
 garbage-first heap   total 107520K, used 100035K [0x0000000780000000, 0x0000000800000000)
  region size 1024K, 5 young (5120K), 2 survivors (2048K)
 Metaspace       used 11413K, capacity 11821K, committed 12032K, reserved 1060864K
  class space    used 1339K, capacity 1493K, committed 1536K, reserved 1048576K
}
Event: 4.594 GC heap after
{Heap after GC invocations=27 (full 0):
 garbage-first heap   total 107520K, used 67724K [0x0000000780000000, 0x0000000800000000)
  region size 1024K, 1 young (1024K), 1 survivors (1024K)
 Metaspace       used 11413K, capacity 11821K, committed 12032K, reserved 1060864K
  class space    used 1339K, capacity 1493K, committed 1536K, reserved 1048576K
}
Event: 4.609 GC heap before
{Heap before GC invocations=27 (full 0):
 garbage-first heap   total 107520K, used 67724K [0x0000000780000000, 0x0000000800000000)
  region size 1024K, 2 young (2048K), 1 survivors (1024K)
 Metaspace       used 11415K, capacity 11821K, committed 12032K, reserved 1060864K
  class space    used 1339K, capacity 1493K, committed 1536K, reserved 1048576K
}
Event: 4.610 GC heap after
{Heap after GC invocations=28 (full 0):
 garbage-first heap   total 107520K, used 47707K [0x0000000780000000, 0x0000000800000000)
  region size 1024K, 2 young (2048K), 2 survivors (2048K)
 Metaspace       used 11415K, capacity 11821K, committed 12032K, reserved 1060864K
  class space    used 1339K, capacity 1493K, committed 1536K, reserved 1048576K
}
Event: 5.303 GC heap before
{Heap before GC invocations=29 (full 0):
 garbage-first heap   total 132096K, used 128603K [0x0000000780000000, 0x0000000800000000)
  region size 1024K, 15 young (15360K), 2 survivors (2048K)
 Metaspace       used 11477K, capacity 11885K, committed 12288K, reserved 1060864K
  class space    used 1339K, capacity 1493K, committed 1536K, reserved 1048576K
}
Event: 5.307 GC heap after
{Heap after GC invocations=30 (full 0):
 garbage-first heap   total 142336K, used 120517K [0x0000000780000000, 0x0000000800000000)
  region size 1024K, 3 young (3072K), 3 survivors (3072K)
 Metaspace       used 11477K, capacity 11885K, committed 12288K, reserved 1060864K
  class space    used 1339K, capacity 1493K, committed 1536K, reserved 1048576K
}
Event: 5.535 GC heap before
{Heap before GC invocations=30 (full 0):
 garbage-first heap   total 158720K, used 151237K [0x0000000780000000, 0x0000000800000000)
  region size 1024K, 6 young (6144K), 3 survivors (3072K)
 Metaspace       used 11537K, capacity 11949K, committed 12288K, reserved 1060864K
  class space    used 1339K, capacity 1493K, committed 1536K, reserved 1048576K
}
Event: 5.540 GC heap after
{Heap after GC invocations=31 (full 0):
 garbage-first heap   total 160768K, used 53034K [0x0000000780000000, 0x0000000800000000)
  region size 1024K, 1 young (1024K), 1 survivors (1024K)
 Metaspace       used 11537K, capacity 11949K, committed 12288K, reserved 1060864K
  class space    used 1339K, capacity 1493K, committed 1536K, reserved 1048576K
}
Event: 5.677 GC heap before
{Heap before GC invocations=31 (full 0):
 garbage-first heap   total 160768K, used 73514K [0x0000000780000000, 0x0000000800000000)
  region size 1024K, 6 young (6144K), 1 survivors (1024K)
 Metaspace       used 11548K, capacity 11949K, committed 12288K, reserved 1060864K
  class space    used 1339K, capacity 1493K, committed 1536K, reserved 1048576K
}
Event: 5.678 GC heap after
{Heap after GC invocations=32 (full 0):
 garbage-first heap   total 193536K, used 43024K [0x0000000780000000, 0x0000000800000000)
  region size 1024K, 4 young (4096K), 4 survivors (4096K)
 Metaspace       used 11548K, capacity 11949K, committed 12288K, reserved 1060864K
  class space    used 1339K, capacity 1493K, committed 1536K, reserved 1048576K
}
Event: 5.942 GC heap before
{Heap before GC invocations=33 (full 0):
 garbage-first heap   total 153600K, used 77840K [0x0000000780000000, 0x0000000800000000)
  region size 1024K, 12 young (12288K), 4 survivors (4096K)
 Metaspace       used 11568K, capacity 12013K, committed 12288K, reserved 1060864K
  class space    used 1339K, capacity 1493K, committed 1536K, reserved 1048576K
}
Event: 5.943 GC heap after
{Heap after GC invocations=34 (full 0):
 garbage-first heap   total 153600K, used 57603K [0x0000000780000000, 0x0000000800000000)
  region size 1024K, 6 young (6144K), 6 survivors (6144K)
 Metaspace       used 11568K, capacity 12013K, committed 12288K, reserved 1060864K
  class space    used 1339K, capacity 1493K, committed 1536K, reserved 1048576K
}
Event: 6.974 GC heap before
{Heap before GC invocations=35 (full 0):
 garbage-first heap   total 198656K, used 194819K [0x0000000780000000, 0x0000000800000000)
  region size 1024K, 30 young (30720K), 6 survivors (6144K)
 Metaspace       used 11925K, capacity 12371K, committed 12544K, reserved 1060864K
  class space    used 1380K, capacity 1527K, committed 1536K, reserved 1048576K
}
Event: 6.977 GC heap after
{Heap after GC invocations=36 (full 0):
 garbage-first heap   total 208896K, used 146464K [0x0000000780000000, 0x0000000800000000)
  region size 1024K, 5 young (5120K), 5 survivors (5120K)
 Metaspace       used 11925K, capacity 12371K, committed 12544K, reserved 1060864K
  class space    used 1380K, capacity 1527K, committed 1536K, reserved 1048576K
}
Event: 7.306 GC heap before
{Heap before GC invocations=36 (full 0):
 garbage-first heap   total 208896K, used 191520K [0x0000000780000000, 0x0000000800000000)
  region size 1024K, 10 young (10240K), 5 survivors (5120K)
 Metaspace       used 11959K, capacity 12435K, committed 12800K, reserved 1060864K
  class space    used 1381K, capacity 1527K, committed 1536K, reserved 1048576K
}
Event: 7.307 GC heap after
{Heap after GC invocations=37 (full 0):
 garbage-first heap   total 208896K, used 71371K [0x0000000780000000, 0x0000000800000000)
  region size 1024K, 2 young (2048K), 2 survivors (2048K)
 Metaspace       used 11959K, capacity 12435K, committed 12800K, reserved 1060864K
  class space    used 1381K, capacity 1527K, committed 1536K, reserved 1048576K
}

